[0.108s] DEBUG:colcon:Command line arguments: ['/usr/bin/colcon', 'build', '--packages-select', 'lirovo']
[0.108s] DEBUG:colcon:Parsed command line arguments: Namespace(log_base=None, log_level=None, verb_name='build', build_base='build', install_base='install', merge_install=False, symlink_install=False, test_result_base=None, continue_on_error=False, executor='parallel', parallel_workers=16, event_handlers=None, ignore_user_meta=False, metas=['./colcon.meta'], base_paths=['.'], packages_ignore=None, packages_ignore_regex=None, paths=None, packages_up_to=None, packages_up_to_regex=None, packages_above=None, packages_above_and_dependencies=None, packages_above_depth=None, packages_select_by_dep=None, packages_skip_by_dep=None, packages_skip_up_to=None, packages_select_build_failed=False, packages_skip_build_finished=False, packages_select_test_failures=False, packages_skip_test_passed=False, packages_select=['lirovo'], packages_skip=None, packages_select_regex=None, packages_skip_regex=None, packages_start=None, packages_end=None, allow_overriding=[], cmake_args=None, cmake_target=None, cmake_target_skip_unavailable=False, cmake_clean_cache=False, cmake_clean_first=False, cmake_force_configure=False, ament_cmake_args=None, catkin_cmake_args=None, catkin_skip_building_tests=False, mixin_files=None, mixin=None, verb_parser=<colcon_mixin.mixin.mixin_argument.MixinArgumentDecorator object at 0x7762713d6f50>, verb_extension=<colcon_core.verb.build.BuildVerb object at 0x77627155bdc0>, main=<bound method BuildVerb.main of <colcon_core.verb.build.BuildVerb object at 0x77627155bdc0>>, mixin_verb=('build',))
[0.246s] Level 1:colcon.colcon_core.package_discovery:discover_packages(colcon_meta) check parameters
[0.246s] Level 1:colcon.colcon_core.package_discovery:discover_packages(recursive) check parameters
[0.246s] Level 1:colcon.colcon_core.package_discovery:discover_packages(ignore) check parameters
[0.246s] Level 1:colcon.colcon_core.package_discovery:discover_packages(path) check parameters
[0.246s] Level 1:colcon.colcon_core.package_discovery:discover_packages(colcon_meta) discover
[0.246s] Level 1:colcon.colcon_core.package_discovery:discover_packages(recursive) discover
[0.246s] INFO:colcon.colcon_core.package_discovery:Crawling recursively for packages in '/home/abhimanyu/nav2_ws/src/lirovo'
[0.246s] Level 1:colcon.colcon_core.package_identification:_identify(.) by extensions ['ignore', 'ignore_ament_install']
[0.246s] Level 1:colcon.colcon_core.package_identification:_identify(.) by extension 'ignore'
[0.247s] Level 1:colcon.colcon_core.package_identification:_identify(.) by extension 'ignore_ament_install'
[0.247s] Level 1:colcon.colcon_core.package_identification:_identify(.) by extensions ['colcon_pkg']
[0.247s] Level 1:colcon.colcon_core.package_identification:_identify(.) by extension 'colcon_pkg'
[0.247s] Level 1:colcon.colcon_core.package_identification:_identify(.) by extensions ['colcon_meta']
[0.247s] Level 1:colcon.colcon_core.package_identification:_identify(.) by extension 'colcon_meta'
[0.247s] Level 1:colcon.colcon_core.package_identification:_identify(.) by extensions ['ros']
[0.247s] Level 1:colcon.colcon_core.package_identification:_identify(.) by extension 'ros'
[0.258s] DEBUG:colcon.colcon_core.package_identification:Package '.' with type 'ros.ament_python' and name 'lirovo'
[0.258s] Level 1:colcon.colcon_core.package_discovery:discover_packages(recursive) using defaults
[0.258s] Level 1:colcon.colcon_core.package_discovery:discover_packages(ignore) discover
[0.258s] Level 1:colcon.colcon_core.package_discovery:discover_packages(ignore) using defaults
[0.258s] Level 1:colcon.colcon_core.package_discovery:discover_packages(path) discover
[0.258s] Level 1:colcon.colcon_core.package_discovery:discover_packages(path) using defaults
[0.286s] Level 1:colcon.colcon_core.package_discovery:discover_packages(prefix_path) check parameters
[0.286s] Level 1:colcon.colcon_core.package_discovery:discover_packages(prefix_path) discover
[0.289s] DEBUG:colcon.colcon_installed_package_information.package_discovery:Found 7 installed packages in /home/abhimanyu/ros2_ws/install
[0.289s] DEBUG:colcon.colcon_installed_package_information.package_discovery:Found 1 installed packages in /home/abhimanyu/SLAM_ws/ros2_ws/install
[0.291s] DEBUG:colcon.colcon_installed_package_information.package_discovery:Found 377 installed packages in /opt/ros/humble
[0.293s] Level 1:colcon.colcon_core.package_discovery:discover_packages(prefix_path) using defaults
[0.332s] Level 5:colcon.colcon_core.verb:set package 'lirovo' build argument 'cmake_args' from command line to 'None'
[0.333s] Level 5:colcon.colcon_core.verb:set package 'lirovo' build argument 'cmake_target' from command line to 'None'
[0.333s] Level 5:colcon.colcon_core.verb:set package 'lirovo' build argument 'cmake_target_skip_unavailable' from command line to 'False'
[0.333s] Level 5:colcon.colcon_core.verb:set package 'lirovo' build argument 'cmake_clean_cache' from command line to 'False'
[0.333s] Level 5:colcon.colcon_core.verb:set package 'lirovo' build argument 'cmake_clean_first' from command line to 'False'
[0.333s] Level 5:colcon.colcon_core.verb:set package 'lirovo' build argument 'cmake_force_configure' from command line to 'False'
[0.333s] Level 5:colcon.colcon_core.verb:set package 'lirovo' build argument 'ament_cmake_args' from command line to 'None'
[0.333s] Level 5:colcon.colcon_core.verb:set package 'lirovo' build argument 'catkin_cmake_args' from command line to 'None'
[0.333s] Level 5:colcon.colcon_core.verb:set package 'lirovo' build argument 'catkin_skip_building_tests' from command line to 'False'
[0.333s] DEBUG:colcon.colcon_core.verb:Building package 'lirovo' with the following arguments: {'ament_cmake_args': None, 'build_base': '/home/abhimanyu/nav2_ws/src/lirovo/build/lirovo', 'catkin_cmake_args': None, 'catkin_skip_building_tests': False, 'cmake_args': None, 'cmake_clean_cache': False, 'cmake_clean_first': False, 'cmake_force_configure': False, 'cmake_target': None, 'cmake_target_skip_unavailable': False, 'install_base': '/home/abhimanyu/nav2_ws/src/lirovo/install/lirovo', 'merge_install': False, 'path': '/home/abhimanyu/nav2_ws/src/lirovo', 'symlink_install': False, 'test_result_base': None}
[0.333s] INFO:colcon.colcon_core.executor:Executing jobs using 'parallel' executor
[0.334s] DEBUG:colcon.colcon_parallel_executor.executor.parallel:run_until_complete
[0.335s] INFO:colcon.colcon_ros.task.ament_python.build:Building ROS package in '/home/abhimanyu/nav2_ws/src/lirovo' with build type 'ament_python'
[0.335s] Level 1:colcon.colcon_core.shell:create_environment_hook('lirovo', 'ament_prefix_path')
[0.338s] INFO:colcon.colcon_core.plugin_system:Skipping extension 'colcon_core.shell.bat': Not used on non-Windows systems
[0.338s] INFO:colcon.colcon_core.shell:Creating environment hook '/home/abhimanyu/nav2_ws/src/lirovo/install/lirovo/share/lirovo/hook/ament_prefix_path.ps1'
[0.339s] INFO:colcon.colcon_core.shell:Creating environment descriptor '/home/abhimanyu/nav2_ws/src/lirovo/install/lirovo/share/lirovo/hook/ament_prefix_path.dsv'
[0.340s] INFO:colcon.colcon_core.shell:Creating environment hook '/home/abhimanyu/nav2_ws/src/lirovo/install/lirovo/share/lirovo/hook/ament_prefix_path.sh'
[0.341s] INFO:colcon.colcon_core.shell:Skip shell extension 'powershell' for command environment: Not usable outside of PowerShell
[0.341s] DEBUG:colcon.colcon_core.shell:Skip shell extension 'dsv' for command environment
[0.577s] INFO:colcon.colcon_core.task.python.build:Building Python package in '/home/abhimanyu/nav2_ws/src/lirovo'
[0.578s] INFO:colcon.colcon_core.shell:Skip shell extension 'powershell' for command environment: Not usable outside of PowerShell
[0.578s] DEBUG:colcon.colcon_core.shell:Skip shell extension 'dsv' for command environment
[0.935s] DEBUG:colcon.colcon_core.event_handler.log_command:Invoking command in '/home/abhimanyu/nav2_ws/src/lirovo': PYTHONPATH=/home/abhimanyu/nav2_ws/src/lirovo/build/lirovo/prefix_override:/usr/lib/python3/dist-packages/colcon_core/task/python/colcon_distutils_commands:/home/abhimanyu/nav2_ws/src/lirovo/install/lirovo/lib/python3.10/site-packages:${PYTHONPATH} /usr/bin/python3 -W ignore:setup.py install is deprecated -W ignore:easy_install command is deprecated setup.py egg_info --egg-base build/lirovo build --build-base /home/abhimanyu/nav2_ws/src/lirovo/build/lirovo/build install --record /home/abhimanyu/nav2_ws/src/lirovo/build/lirovo/install.log --single-version-externally-managed install_data
[1.137s] DEBUG:colcon.colcon_core.event_handler.log_command:Invoked command in '/home/abhimanyu/nav2_ws/src/lirovo' returned '0': PYTHONPATH=/home/abhimanyu/nav2_ws/src/lirovo/build/lirovo/prefix_override:/usr/lib/python3/dist-packages/colcon_core/task/python/colcon_distutils_commands:/home/abhimanyu/nav2_ws/src/lirovo/install/lirovo/lib/python3.10/site-packages:${PYTHONPATH} /usr/bin/python3 -W ignore:setup.py install is deprecated -W ignore:easy_install command is deprecated setup.py egg_info --egg-base build/lirovo build --build-base /home/abhimanyu/nav2_ws/src/lirovo/build/lirovo/build install --record /home/abhimanyu/nav2_ws/src/lirovo/build/lirovo/install.log --single-version-externally-managed install_data
[1.141s] Level 1:colcon.colcon_core.environment:checking '/home/abhimanyu/nav2_ws/src/lirovo/install/lirovo' for CMake module files
[1.141s] Level 1:colcon.colcon_core.environment:checking '/home/abhimanyu/nav2_ws/src/lirovo/install/lirovo' for CMake config files
[1.142s] Level 1:colcon.colcon_core.environment:checking '/home/abhimanyu/nav2_ws/src/lirovo/install/lirovo/lib'
[1.142s] Level 1:colcon.colcon_core.environment:checking '/home/abhimanyu/nav2_ws/src/lirovo/install/lirovo/bin'
[1.142s] Level 1:colcon.colcon_core.environment:checking '/home/abhimanyu/nav2_ws/src/lirovo/install/lirovo/lib/pkgconfig/lirovo.pc'
[1.142s] Level 1:colcon.colcon_core.environment:checking '/home/abhimanyu/nav2_ws/src/lirovo/install/lirovo/lib/python3.10/site-packages'
[1.142s] Level 1:colcon.colcon_core.shell:create_environment_hook('lirovo', 'pythonpath')
[1.142s] INFO:colcon.colcon_core.shell:Creating environment hook '/home/abhimanyu/nav2_ws/src/lirovo/install/lirovo/share/lirovo/hook/pythonpath.ps1'
[1.143s] INFO:colcon.colcon_core.shell:Creating environment descriptor '/home/abhimanyu/nav2_ws/src/lirovo/install/lirovo/share/lirovo/hook/pythonpath.dsv'
[1.143s] INFO:colcon.colcon_core.shell:Creating environment hook '/home/abhimanyu/nav2_ws/src/lirovo/install/lirovo/share/lirovo/hook/pythonpath.sh'
[1.143s] Level 1:colcon.colcon_core.environment:checking '/home/abhimanyu/nav2_ws/src/lirovo/install/lirovo/bin'
[1.143s] Level 1:colcon.colcon_core.environment:create_environment_scripts_only(lirovo)
[1.143s] INFO:colcon.colcon_core.shell:Creating package script '/home/abhimanyu/nav2_ws/src/lirovo/install/lirovo/share/lirovo/package.ps1'
[1.144s] INFO:colcon.colcon_core.shell:Creating package descriptor '/home/abhimanyu/nav2_ws/src/lirovo/install/lirovo/share/lirovo/package.dsv'
[1.145s] INFO:colcon.colcon_core.shell:Creating package script '/home/abhimanyu/nav2_ws/src/lirovo/install/lirovo/share/lirovo/package.sh'
[1.146s] INFO:colcon.colcon_core.shell:Creating package script '/home/abhimanyu/nav2_ws/src/lirovo/install/lirovo/share/lirovo/package.bash'
[1.146s] INFO:colcon.colcon_core.shell:Creating package script '/home/abhimanyu/nav2_ws/src/lirovo/install/lirovo/share/lirovo/package.zsh'
[1.147s] Level 1:colcon.colcon_core.environment:create_file_with_runtime_dependencies(/home/abhimanyu/nav2_ws/src/lirovo/install/lirovo/share/colcon-core/packages/lirovo)
[1.147s] DEBUG:colcon.colcon_parallel_executor.executor.parallel:closing loop
[1.147s] DEBUG:colcon.colcon_parallel_executor.executor.parallel:loop closed
[1.147s] DEBUG:colcon.colcon_parallel_executor.executor.parallel:run_until_complete finished with '0'
[1.147s] DEBUG:colcon.colcon_core.event_reactor:joining thread
[1.154s] INFO:colcon.colcon_core.plugin_system:Skipping extension 'colcon_notification.desktop_notification.terminal_notifier': Not used on non-Darwin systems
[1.154s] INFO:colcon.colcon_core.plugin_system:Skipping extension 'colcon_notification.desktop_notification.win32': Not used on non-Windows systems
[1.154s] INFO:colcon.colcon_notification.desktop_notification:Sending desktop notification using 'notify2'
[1.171s] DEBUG:colcon.colcon_core.event_reactor:joined thread
[1.172s] INFO:colcon.colcon_core.shell:Creating prefix script '/home/abhimanyu/nav2_ws/src/lirovo/install/local_setup.ps1'
[1.173s] INFO:colcon.colcon_core.shell:Creating prefix util module '/home/abhimanyu/nav2_ws/src/lirovo/install/_local_setup_util_ps1.py'
[1.174s] INFO:colcon.colcon_core.shell:Creating prefix chain script '/home/abhimanyu/nav2_ws/src/lirovo/install/setup.ps1'
[1.175s] INFO:colcon.colcon_core.shell:Creating prefix script '/home/abhimanyu/nav2_ws/src/lirovo/install/local_setup.sh'
[1.176s] INFO:colcon.colcon_core.shell:Creating prefix util module '/home/abhimanyu/nav2_ws/src/lirovo/install/_local_setup_util_sh.py'
[1.177s] INFO:colcon.colcon_core.shell:Creating prefix chain script '/home/abhimanyu/nav2_ws/src/lirovo/install/setup.sh'
[1.178s] INFO:colcon.colcon_core.shell:Creating prefix script '/home/abhimanyu/nav2_ws/src/lirovo/install/local_setup.bash'
[1.178s] INFO:colcon.colcon_core.shell:Creating prefix chain script '/home/abhimanyu/nav2_ws/src/lirovo/install/setup.bash'
[1.179s] INFO:colcon.colcon_core.shell:Creating prefix script '/home/abhimanyu/nav2_ws/src/lirovo/install/local_setup.zsh'
[1.179s] INFO:colcon.colcon_core.shell:Creating prefix chain script '/home/abhimanyu/nav2_ws/src/lirovo/install/setup.zsh'
